2025-03-28 Update README with local dev steps
2025-03-28 Test offline support with service workers
2025-03-28 Improve GitHub trending repo UI
2025-03-28 Implement GitHub trending repos integration
2025-03-28 Add custom 404 page
2025-03-28 Implement GitHub trending repos integration
2025-03-29 Add unit tests for roadmap component
2025-03-29 Setup Render deployment blueprint
2025-03-29 Add fade-in animations for content tiles
2025-03-29 Refine dark mode contrast ratios
2025-03-29 Refactor roadmap component structure
2025-03-29 Improve responsive layout on mobile
2025-03-29 Add TypeScript types to components
2025-03-29 Fix PostgreSQL connection issue in dev
2025-03-29 Improve loading spinner UX
2025-03-30 Update README with local dev steps
2025-03-30 Add custom 404 page
2025-03-30 Refactor fetch logic for tech news
2025-03-30 Add TypeScript types to components
2025-03-30 Setup Render deployment blueprint
2025-03-30 Refine dark mode contrast ratios
2025-03-30 Add TypeScript types to components
2025-03-30 Design bookmark system state flow
2025-03-30 Implement GitHub trending repos integration
2025-03-30 Add custom 404 page
2025-03-31 Enhance error handling for API fetches
2025-03-31 Add fade-in animations for content tiles
2025-03-31 Refactor roadmap component structure
2025-03-31 Add TypeScript types to components
2025-03-31 Add fade-in animations for content tiles
2025-03-31 Improve responsive layout on mobile
2025-03-31 Add custom 404 page
2025-03-31 Implement GitHub trending repos integration
2025-03-31 Implement GitHub trending repos integration
2025-04-01 Refactor fetch logic for tech news
2025-04-01 Add TypeScript types to components
2025-04-01 Add custom 404 page
2025-04-01 Enhance AI assistant response quality
2025-04-01 Implement GitHub trending repos integration
2025-04-01 Design bookmark system state flow
2025-04-01 Improve GitHub trending repo UI
2025-04-01 Enhance AI assistant response quality
2025-04-01 Test offline support with service workers
2025-04-02 Refactor fetch logic for tech news
2025-04-02 Update README with local dev steps
2025-04-02 Enhance error handling for API fetches
2025-04-02 Refactor roadmap component structure
2025-04-02 Improve responsive layout on mobile
